mode: set
github.com/gopherdojo/dojo7/kadai2/shinta/imageconversion/imageconversion.go:26.29,27.28 1 1
github.com/gopherdojo/dojo7/kadai2/shinta/imageconversion/imageconversion.go:30.2,32.35 3 1
github.com/gopherdojo/dojo7/kadai2/shinta/imageconversion/imageconversion.go:35.2,35.56 1 1
github.com/gopherdojo/dojo7/kadai2/shinta/imageconversion/imageconversion.go:38.2,38.12 1 1
github.com/gopherdojo/dojo7/kadai2/shinta/imageconversion/imageconversion.go:27.28,29.3 1 0
github.com/gopherdojo/dojo7/kadai2/shinta/imageconversion/imageconversion.go:32.35,34.3 1 1
github.com/gopherdojo/dojo7/kadai2/shinta/imageconversion/imageconversion.go:35.56,37.3 1 0
github.com/gopherdojo/dojo7/kadai2/shinta/imageconversion/imageconversion.go:41.28,43.2 1 1
github.com/gopherdojo/dojo7/kadai2/shinta/imageconversion/imageconversion.go:53.48,55.2 1 1
github.com/gopherdojo/dojo7/kadai2/shinta/imageconversion/imageconversion.go:58.53,62.2 3 1
github.com/gopherdojo/dojo7/kadai2/shinta/imageconversion/imageconversion.go:68.47,71.16 3 1
github.com/gopherdojo/dojo7/kadai2/shinta/imageconversion/imageconversion.go:74.2,75.16 2 1
github.com/gopherdojo/dojo7/kadai2/shinta/imageconversion/imageconversion.go:78.2,79.16 2 1
github.com/gopherdojo/dojo7/kadai2/shinta/imageconversion/imageconversion.go:83.2,83.18 1 1
github.com/gopherdojo/dojo7/kadai2/shinta/imageconversion/imageconversion.go:91.2,93.12 3 1
github.com/gopherdojo/dojo7/kadai2/shinta/imageconversion/imageconversion.go:71.16,73.3 1 0
github.com/gopherdojo/dojo7/kadai2/shinta/imageconversion/imageconversion.go:75.16,77.3 1 0
github.com/gopherdojo/dojo7/kadai2/shinta/imageconversion/imageconversion.go:79.16,81.3 1 0
github.com/gopherdojo/dojo7/kadai2/shinta/imageconversion/imageconversion.go:84.23,85.39 1 1
github.com/gopherdojo/dojo7/kadai2/shinta/imageconversion/imageconversion.go:86.14,87.38 1 1
github.com/gopherdojo/dojo7/kadai2/shinta/imageconversion/imageconversion.go:88.10,89.33 1 1
github.com/gopherdojo/dojo7/kadai2/shinta/imageconversion/imageconversion.go:107.49,109.36 2 1
github.com/gopherdojo/dojo7/kadai2/shinta/imageconversion/imageconversion.go:112.2,113.85 2 1
github.com/gopherdojo/dojo7/kadai2/shinta/imageconversion/imageconversion.go:125.2,125.12 1 1
github.com/gopherdojo/dojo7/kadai2/shinta/imageconversion/imageconversion.go:109.36,111.3 1 0
github.com/gopherdojo/dojo7/kadai2/shinta/imageconversion/imageconversion.go:113.85,114.17 1 1
github.com/gopherdojo/dojo7/kadai2/shinta/imageconversion/imageconversion.go:117.3,117.39 1 1
github.com/gopherdojo/dojo7/kadai2/shinta/imageconversion/imageconversion.go:123.3,123.13 1 1
github.com/gopherdojo/dojo7/kadai2/shinta/imageconversion/imageconversion.go:114.17,116.4 1 0
github.com/gopherdojo/dojo7/kadai2/shinta/imageconversion/imageconversion.go:117.39,119.18 2 1
github.com/gopherdojo/dojo7/kadai2/shinta/imageconversion/imageconversion.go:119.18,121.5 1 0
