mode: set
github.com/akhr77/dojo7/kadai2/akhr77/imgconv.go:35.38,46.46 10 1
github.com/akhr77/dojo7/kadai2/akhr77/imgconv.go:51.2,51.26 1 1
github.com/akhr77/dojo7/kadai2/akhr77/imgconv.go:54.2,54.24 1 1
github.com/akhr77/dojo7/kadai2/akhr77/imgconv.go:58.2,59.16 2 1
github.com/akhr77/dojo7/kadai2/akhr77/imgconv.go:64.2,65.19 2 1
github.com/akhr77/dojo7/kadai2/akhr77/imgconv.go:46.46,49.3 2 0
github.com/akhr77/dojo7/kadai2/akhr77/imgconv.go:51.26,53.3 1 0
github.com/akhr77/dojo7/kadai2/akhr77/imgconv.go:54.24,56.3 1 0
github.com/akhr77/dojo7/kadai2/akhr77/imgconv.go:59.16,62.3 2 0
github.com/akhr77/dojo7/kadai2/akhr77/imgconv.go:69.51,70.82 1 1
github.com/akhr77/dojo7/kadai2/akhr77/imgconv.go:104.2,104.16 1 1
github.com/akhr77/dojo7/kadai2/akhr77/imgconv.go:107.2,107.12 1 1
github.com/akhr77/dojo7/kadai2/akhr77/imgconv.go:70.82,71.17 1 1
github.com/akhr77/dojo7/kadai2/akhr77/imgconv.go:74.3,75.38 2 1
github.com/akhr77/dojo7/kadai2/akhr77/imgconv.go:102.3,102.13 1 1
github.com/akhr77/dojo7/kadai2/akhr77/imgconv.go:71.17,73.4 1 0
github.com/akhr77/dojo7/kadai2/akhr77/imgconv.go:75.38,77.18 2 1
github.com/akhr77/dojo7/kadai2/akhr77/imgconv.go:80.4,86.18 5 1
github.com/akhr77/dojo7/kadai2/akhr77/imgconv.go:90.4,92.18 3 1
github.com/akhr77/dojo7/kadai2/akhr77/imgconv.go:77.18,79.5 1 0
github.com/akhr77/dojo7/kadai2/akhr77/imgconv.go:86.18,88.5 1 0
github.com/akhr77/dojo7/kadai2/akhr77/imgconv.go:92.18,96.17 3 0
github.com/akhr77/dojo7/kadai2/akhr77/imgconv.go:99.5,99.15 1 0
github.com/akhr77/dojo7/kadai2/akhr77/imgconv.go:96.17,98.6 1 0
github.com/akhr77/dojo7/kadai2/akhr77/imgconv.go:104.16,106.3 1 0
github.com/akhr77/dojo7/kadai2/akhr77/imgconv.go:110.43,114.2 3 1
github.com/akhr77/dojo7/kadai2/akhr77/imgconv.go:116.69,118.16 2 1
github.com/akhr77/dojo7/kadai2/akhr77/imgconv.go:121.2,121.19 1 1
github.com/akhr77/dojo7/kadai2/akhr77/imgconv.go:129.2,129.16 1 1
github.com/akhr77/dojo7/kadai2/akhr77/imgconv.go:132.2,132.12 1 1
github.com/akhr77/dojo7/kadai2/akhr77/imgconv.go:118.16,120.3 1 0
github.com/akhr77/dojo7/kadai2/akhr77/imgconv.go:122.21,123.36 1 0
github.com/akhr77/dojo7/kadai2/akhr77/imgconv.go:124.13,125.30 1 1
github.com/akhr77/dojo7/kadai2/akhr77/imgconv.go:126.13,127.35 1 0
github.com/akhr77/dojo7/kadai2/akhr77/imgconv.go:129.16,131.3 1 0
