mode: atomic
github.com/gopherdojo/dojo7/kadai4/kmd2kmd/omikuji/omikuji.go:22.13,24.2 1 1
github.com/gopherdojo/dojo7/kadai4/kmd2kmd/omikuji/omikuji.go:27.33,28.47 1 9
github.com/gopherdojo/dojo7/kadai4/kmd2kmd/omikuji/omikuji.go:31.2,31.14 1 3
github.com/gopherdojo/dojo7/kadai4/kmd2kmd/omikuji/omikuji.go:28.47,30.3 1 6
github.com/gopherdojo/dojo7/kadai4/kmd2kmd/omikuji/omikuji.go:35.38,38.17 1 9
github.com/gopherdojo/dojo7/kadai4/kmd2kmd/omikuji/omikuji.go:42.2,43.21 2 3
github.com/gopherdojo/dojo7/kadai4/kmd2kmd/omikuji/omikuji.go:38.17,40.3 1 6
github.com/gopherdojo/dojo7/kadai4/kmd2kmd/handler/handler.go:14.56,21.38 5 1
github.com/gopherdojo/dojo7/kadai4/kmd2kmd/handler/handler.go:24.2,24.29 1 1
github.com/gopherdojo/dojo7/kadai4/kmd2kmd/handler/handler.go:21.38,23.3 1 0
